TimeQuest Timing Analyzer report for top
Mon Jun 05 16:55:04 2017
Quartus Prime Version 15.1.0 Build 185 10/21/2015 SJ Standard Edition


---------------------
; Table of Contents ;
---------------------
  1. Legal Notice
  2. TimeQuest Timing Analyzer Summary
  3. Parallel Compilation
  4. SDC File List
  5. Clocks
  6. Slow 1200mV 100C Model Fmax Summary
  7. Slow 1200mV 100C Model Setup Summary
  8. Slow 1200mV 100C Model Hold Summary
  9. Slow 1200mV 100C Model Recovery Summary
 10. Slow 1200mV 100C Model Removal Summary
 11. Slow 1200mV 100C Model Minimum Pulse Width Summary
 12. Slow 1200mV 100C Model Metastability Summary
 13. Slow 1200mV -40C Model Fmax Summary
 14. Slow 1200mV -40C Model Setup Summary
 15. Slow 1200mV -40C Model Hold Summary
 16. Slow 1200mV -40C Model Recovery Summary
 17. Slow 1200mV -40C Model Removal Summary
 18. Slow 1200mV -40C Model Minimum Pulse Width Summary
 19. Slow 1200mV -40C Model Metastability Summary
 20. Fast 1200mV -40C Model Setup Summary
 21. Fast 1200mV -40C Model Hold Summary
 22. Fast 1200mV -40C Model Recovery Summary
 23. Fast 1200mV -40C Model Removal Summary
 24. Fast 1200mV -40C Model Minimum Pulse Width Summary
 25. Fast 1200mV -40C Model Metastability Summary
 26. Multicorner Timing Analysis Summary
 27. Board Trace Model Assignments
 28. Input Transition Times
 29. Signal Integrity Metrics (Slow 1200mv n40c Model)
 30. Signal Integrity Metrics (Slow 1200mv 100c Model)
 31. Signal Integrity Metrics (Fast 1200mv n40c Model)
 32. Clock Transfers
 33. Report TCCS
 34. Report RSKM
 35. Unconstrained Paths Summary
 36. Clock Status Summary
 37. Unconstrained Input Ports
 38. Unconstrained Output Ports
 39. Unconstrained Input Ports
 40. Unconstrained Output Ports
 41. TimeQuest Timing Analyzer Messages



----------------
; Legal Notice ;
----------------
Copyright (C) 1991-2015 Altera Corporation. All rights reserved.
Your use of Altera Corporation's design tools, logic functions 
and other software and tools, and its AMPP partner logic 
functions, and any output files from any of the foregoing 
(including device programming or simulation files), and any 
associated documentation or information are expressly subject 
to the terms and conditions of the Altera Program License 
Subscription Agreement, the Altera Quartus Prime License Agreement,
the Altera MegaCore Function License Agreement, or other 
applicable license agreement, including, without limitation, 
that your use is for the sole purpose of programming logic 
devices manufactured by Altera and sold by Altera or its 
authorized distributors.  Please refer to the applicable 
agreement for further details.



+---------------------------------------------------------------------------------+
; TimeQuest Timing Analyzer Summary                                               ;
+-----------------------+---------------------------------------------------------+
; Quartus Prime Version ; Version 15.1.0 Build 185 10/21/2015 SJ Standard Edition ;
; Timing Analyzer       ; TimeQuest                                               ;
; Revision Name         ; top                                                     ;
; Device Family         ; MAX 10                                                  ;
; Device Name           ; 10M08SCU169I7G                                          ;
; Timing Models         ; Final                                                   ;
; Delay Model           ; Combined                                                ;
; Rise/Fall Delays      ; Enabled                                                 ;
+-----------------------+---------------------------------------------------------+


+------------------------------------------+
; Parallel Compilation                     ;
+----------------------------+-------------+
; Processors                 ; Number      ;
+----------------------------+-------------+
; Number detected on machine ; 8           ;
; Maximum allowed            ; 4           ;
;                            ;             ;
; Average used               ; 1.00        ;
; Maximum used               ; 4           ;
;                            ;             ;
; Usage by Processor         ; % Time Used ;
;     Processor 1            ; 100.0%      ;
;     Processors 2-4         ; < 0.1%      ;
+----------------------------+-------------+


+---------------------------------------------------+
; SDC File List                                     ;
+---------------+--------+--------------------------+
; SDC File Path ; Status ; Read at                  ;
+---------------+--------+--------------------------+
; top.sdc       ; OK     ; Mon Jun 05 16:55:03 2017 ;
+---------------+--------+--------------------------+


+------------------------------------------------------------------------------------------------------------------------------------------------------------------------------------+
; Clocks                                                                                                                                                                             ;
+------------+---------+--------+-----------+-------+--------+------------+-----------+-------------+-------+--------+-----------+------------+----------+--------+--------+---------+
; Clock Name ; Type    ; Period ; Frequency ; Rise  ; Fall   ; Duty Cycle ; Divide by ; Multiply by ; Phase ; Offset ; Edge List ; Edge Shift ; Inverted ; Master ; Source ; Targets ;
+------------+---------+--------+-----------+-------+--------+------------+-----------+-------------+-------+--------+-----------+------------+----------+--------+--------+---------+
; clk        ; Virtual ; 41.666 ; 24.0 MHz  ; 0.000 ; 20.833 ;            ;           ;             ;       ;        ;           ;            ;          ;        ;        ; { }     ;
+------------+---------+--------+-----------+-------+--------+------------+-----------+-------------+-------+--------+-----------+------------+----------+--------+--------+---------+


---------------------------------------
; Slow 1200mV 100C Model Fmax Summary ;
---------------------------------------
No paths to report.


----------------------------------------
; Slow 1200mV 100C Model Setup Summary ;
----------------------------------------
No paths to report.


---------------------------------------
; Slow 1200mV 100C Model Hold Summary ;
---------------------------------------
No paths to report.


-------------------------------------------
; Slow 1200mV 100C Model Recovery Summary ;
-------------------------------------------
No paths to report.


------------------------------------------
; Slow 1200mV 100C Model Removal Summary ;
------------------------------------------
No paths to report.


------------------------------------------------------
; Slow 1200mV 100C Model Minimum Pulse Width Summary ;
------------------------------------------------------
No paths to report.


------------------------------------------------
; Slow 1200mV 100C Model Metastability Summary ;
------------------------------------------------
No synchronizer chains to report.


---------------------------------------
; Slow 1200mV -40C Model Fmax Summary ;
---------------------------------------
No paths to report.


----------------------------------------
; Slow 1200mV -40C Model Setup Summary ;
----------------------------------------
No paths to report.


---------------------------------------
; Slow 1200mV -40C Model Hold Summary ;
---------------------------------------
No paths to report.


-------------------------------------------
; Slow 1200mV -40C Model Recovery Summary ;
-------------------------------------------
No paths to report.


------------------------------------------
; Slow 1200mV -40C Model Removal Summary ;
------------------------------------------
No paths to report.


------------------------------------------------------
; Slow 1200mV -40C Model Minimum Pulse Width Summary ;
------------------------------------------------------
No paths to report.


------------------------------------------------
; Slow 1200mV -40C Model Metastability Summary ;
------------------------------------------------
No synchronizer chains to report.


----------------------------------------
; Fast 1200mV -40C Model Setup Summary ;
----------------------------------------
No paths to report.


---------------------------------------
; Fast 1200mV -40C Model Hold Summary ;
---------------------------------------
No paths to report.


-------------------------------------------
; Fast 1200mV -40C Model Recovery Summary ;
-------------------------------------------
No paths to report.


------------------------------------------
; Fast 1200mV -40C Model Removal Summary ;
------------------------------------------
No paths to report.


------------------------------------------------------
; Fast 1200mV -40C Model Minimum Pulse Width Summary ;
------------------------------------------------------
No paths to report.


------------------------------------------------
; Fast 1200mV -40C Model Metastability Summary ;
------------------------------------------------
No synchronizer chains to report.


+----------------------------------------------------------------------------+
; Multicorner Timing Analysis Summary                                        ;
+------------------+-------+------+----------+---------+---------------------+
; Clock            ; Setup ; Hold ; Recovery ; Removal ; Minimum Pulse Width ;
+------------------+-------+------+----------+---------+---------------------+
; Worst-case Slack ; N/A   ; N/A  ; N/A      ; N/A     ; N/A                 ;
; Design-wide TNS  ; 0.0   ; 0.0  ; 0.0      ; 0.0     ; 0.0                 ;
+------------------+-------+------+----------+---------+---------------------+


+------------------------------------------------------------------------------------------------------------------------------------------------------------------------------------------------------------------------------------------------------------------------------------------------------------------------------------------------------------------------------------------------------------------+
; Board Trace Model Assignments                                                                                                                                                                                                                                                                                                                                                                                    ;
+---------------+--------------+-------------------+-------------------------+-------------------------+---------------+---------------------+----------------+------------------+--------+------------------+------------------------+------------------------+--------------+---------------+-----------------+-------+---------------------+--------------------+---------------+-----------------+-------------+
; Pin           ; I/O Standard ; Near Tline Length ; Near Tline L per Length ; Near Tline C per Length ; Near Series R ; Near Differential R ; Near Pull-up R ; Near Pull-down R ; Near C ; Far Tline Length ; Far Tline L per Length ; Far Tline C per Length ; Far Series R ; Far Pull-up R ; Far Pull-down R ; Far C ; Termination Voltage ; Far Differential R ; EBD File Name ; EBD Signal Name ; EBD Far-end ;
+---------------+--------------+-------------------+-------------------------+-------------------------+---------------+---------------------+----------------+------------------+--------+------------------+------------------------+------------------------+--------------+---------------+-----------------+-------+---------------------+--------------------+---------------+-----------------+-------------+
; cpu1_rst_n    ; 3.0-V LVCMOS ; 0 in              ; 0 H/in                  ; 0 F/in                  ; short         ; -                   ; open           ; open             ; open   ; 0 in             ; 0 H/in                 ; 0 F/in                 ; short        ; open          ; open            ; open  ; 0 V                 ; -                  ; n/a           ; n/a             ; n/a         ;
; cpu1_spi_in   ; 3.0-V LVCMOS ; 0 in              ; 0 H/in                  ; 0 F/in                  ; short         ; -                   ; open           ; open             ; open   ; 0 in             ; 0 H/in                 ; 0 F/in                 ; short        ; open          ; open            ; open  ; 0 V                 ; -                  ; n/a           ; n/a             ; n/a         ;
; cpu1_uart1_rx ; 3.0-V LVCMOS ; 0 in              ; 0 H/in                  ; 0 F/in                  ; short         ; -                   ; open           ; open             ; open   ; 0 in             ; 0 H/in                 ; 0 F/in                 ; short        ; open          ; open            ; open  ; 0 V                 ; -                  ; n/a           ; n/a             ; n/a         ;
; cpu1_uart5_rx ; 3.0-V LVCMOS ; 0 in              ; 0 H/in                  ; 0 F/in                  ; short         ; -                   ; open           ; open             ; open   ; 0 in             ; 0 H/in                 ; 0 F/in                 ; short        ; open          ; open            ; open  ; 0 V                 ; -                  ; n/a           ; n/a             ; n/a         ;
; uart3_tx      ; 3.0-V LVCMOS ; 0 in              ; 0 H/in                  ; 0 F/in                  ; short         ; -                   ; open           ; open             ; open   ; 0 in             ; 0 H/in                 ; 0 F/in                 ; short        ; open          ; open            ; open  ; 0 V                 ; -                  ; n/a           ; n/a             ; n/a         ;
; uart4_tx      ; 3.0-V LVCMOS ; 0 in              ; 0 H/in                  ; 0 F/in                  ; short         ; -                   ; open           ; open             ; open   ; 0 in             ; 0 H/in                 ; 0 F/in                 ; short        ; open          ; open            ; open  ; 0 V                 ; -                  ; n/a           ; n/a             ; n/a         ;
; pwm_out[0]    ; 3.0-V LVCMOS ; 0 in              ; 0 H/in                  ; 0 F/in                  ; short         ; -                   ; open           ; open             ; open   ; 0 in             ; 0 H/in                 ; 0 F/in                 ; short        ; open          ; open            ; open  ; 0 V                 ; -                  ; n/a           ; n/a             ; n/a         ;
; pwm_out[1]    ; 3.0-V LVCMOS ; 0 in              ; 0 H/in                  ; 0 F/in                  ; short         ; -                   ; open           ; open             ; open   ; 0 in             ; 0 H/in                 ; 0 F/in                 ; short        ; open          ; open            ; open  ; 0 V                 ; -                  ; n/a           ; n/a             ; n/a         ;
; pwm_out[2]    ; 3.0-V LVCMOS ; 0 in              ; 0 H/in                  ; 0 F/in                  ; short         ; -                   ; open           ; open             ; open   ; 0 in             ; 0 H/in                 ; 0 F/in                 ; short        ; open          ; open            ; open  ; 0 V                 ; -                  ; n/a           ; n/a             ; n/a         ;
; pwm_out[3]    ; 3.0-V LVCMOS ; 0 in              ; 0 H/in                  ; 0 F/in                  ; short         ; -                   ; open           ; open             ; open   ; 0 in             ; 0 H/in                 ; 0 F/in                 ; short        ; open          ; open            ; open  ; 0 V                 ; -                  ; n/a           ; n/a             ; n/a         ;
; pwm_out[4]    ; 3.0-V LVCMOS ; 0 in              ; 0 H/in                  ; 0 F/in                  ; short         ; -                   ; open           ; open             ; open   ; 0 in             ; 0 H/in                 ; 0 F/in                 ; short        ; open          ; open            ; open  ; 0 V                 ; -                  ; n/a           ; n/a             ; n/a         ;
; pwm_out[5]    ; 3.0-V LVCMOS ; 0 in              ; 0 H/in                  ; 0 F/in                  ; short         ; -                   ; open           ; open             ; open   ; 0 in             ; 0 H/in                 ; 0 F/in                 ; short        ; open          ; open            ; open  ; 0 V                 ; -                  ; n/a           ; n/a             ; n/a         ;
; pwm_out[6]    ; 3.0-V LVCMOS ; 0 in              ; 0 H/in                  ; 0 F/in                  ; short         ; -                   ; open           ; open             ; open   ; 0 in             ; 0 H/in                 ; 0 F/in                 ; short        ; open          ; open            ; open  ; 0 V                 ; -                  ; n/a           ; n/a             ; n/a         ;
; pwm_out[7]    ; 3.0-V LVCMOS ; 0 in              ; 0 H/in                  ; 0 F/in                  ; short         ; -                   ; open           ; open             ; open   ; 0 in             ; 0 H/in                 ; 0 F/in                 ; short        ; open          ; open            ; open  ; 0 V                 ; -                  ; n/a           ; n/a             ; n/a         ;
; led           ; 3.0-V LVCMOS ; 0 in              ; 0 H/in                  ; 0 F/in                  ; short         ; -                   ; open           ; open             ; open   ; 0 in             ; 0 H/in                 ; 0 F/in                 ; short        ; open          ; open            ; open  ; 0 V                 ; -                  ; n/a           ; n/a             ; n/a         ;
; ~ALTERA_TDO~  ; 3.0-V LVCMOS ; 0 in              ; 0 H/in                  ; 0 F/in                  ; short         ; -                   ; open           ; open             ; open   ; 0 in             ; 0 H/in                 ; 0 F/in                 ; short        ; open          ; open            ; open  ; 0 V                 ; -                  ; n/a           ; n/a             ; n/a         ;
+---------------+--------------+-------------------+-------------------------+-------------------------+---------------+---------------------+----------------+------------------+--------+------------------+------------------------+------------------------+--------------+---------------+-----------------+-------+---------------------+--------------------+---------------+-----------------+-------------+


+------------------------------------------------------------------------+
; Input Transition Times                                                 ;
+---------------------+--------------+-----------------+-----------------+
; Pin                 ; I/O Standard ; 10-90 Rise Time ; 90-10 Fall Time ;
+---------------------+--------------+-----------------+-----------------+
; uart4_rx            ; 3.0-V LVCMOS ; 2400 ps         ; 2400 ps         ;
; uart3_rx            ; 3.0-V LVCMOS ; 2400 ps         ; 2400 ps         ;
; cpu1_uart5_tx       ; 3.0-V LVCMOS ; 2400 ps         ; 2400 ps         ;
; cpu1_uart1_tx       ; 3.0-V LVCMOS ; 2400 ps         ; 2400 ps         ;
; clk8M               ; 3.0-V LVCMOS ; 2400 ps         ; 2400 ps         ;
; rst_n               ; 3.0-V LVCMOS ; 2400 ps         ; 2400 ps         ;
; cpu1_spi_sck        ; 3.0-V LVCMOS ; 2400 ps         ; 2400 ps         ;
; cpu1_spi_cs         ; 3.0-V LVCMOS ; 2400 ps         ; 2400 ps         ;
; rc_pwm_in[2]        ; 3.0-V LVCMOS ; 2400 ps         ; 2400 ps         ;
; rc_pwm_in[4]        ; 3.0-V LVCMOS ; 2400 ps         ; 2400 ps         ;
; rc_pwm_in[0]        ; 3.0-V LVCMOS ; 2400 ps         ; 2400 ps         ;
; rc_pwm_in[1]        ; 3.0-V LVCMOS ; 2400 ps         ; 2400 ps         ;
; rc_pwm_in[3]        ; 3.0-V LVCMOS ; 2400 ps         ; 2400 ps         ;
; rc_pwm_in[5]        ; 3.0-V LVCMOS ; 2400 ps         ; 2400 ps         ;
; cpu1_spi_out        ; 3.0-V LVCMOS ; 2400 ps         ; 2400 ps         ;
; board_id[3]         ; 3.0-V LVCMOS ; 2400 ps         ; 2400 ps         ;
; board_id[2]         ; 3.0-V LVCMOS ; 2400 ps         ; 2400 ps         ;
; board_id[1]         ; 3.0-V LVCMOS ; 2400 ps         ; 2400 ps         ;
; board_id[0]         ; 3.0-V LVCMOS ; 2400 ps         ; 2400 ps         ;
; ~ALTERA_TMS~        ; 3.0-V LVCMOS ; 2400 ps         ; 2400 ps         ;
; ~ALTERA_TCK~        ; 3.0-V LVCMOS ; 2400 ps         ; 2400 ps         ;
; ~ALTERA_TDI~        ; 3.0-V LVCMOS ; 2400 ps         ; 2400 ps         ;
; ~ALTERA_CONFIG_SEL~ ; 3.0-V LVCMOS ; 2400 ps         ; 2400 ps         ;
; ~ALTERA_nCONFIG~    ; 3.0-V LVCMOS ; 2400 ps         ; 2400 ps         ;
; ~ALTERA_nSTATUS~    ; 3.0-V LVCMOS ; 2400 ps         ; 2400 ps         ;
; ~ALTERA_CONF_DONE~  ; 3.0-V LVCMOS ; 2400 ps         ; 2400 ps         ;
+---------------------+--------------+-----------------+-----------------+


+--------------------------------------------------------------------------------------------------------------------------------------------------------------------------------------------------------------------------------------------------------------------------------------------------------------------------------------------------------------------------------------------------------------------------------------------------------------------------------------------------------------------------------------------------------------------------------------------------------------------------------------------------------------------------------------------+
; Signal Integrity Metrics (Slow 1200mv n40c Model)                                                                                                                                                                                                                                                                                                                                                                                                                                                                                                                                                                                                                                          ;
+---------------+--------------+---------------------+---------------------+------------------------------+------------------------------+---------------------+---------------------+--------------------------------------+--------------------------------------+-----------------------------+-----------------------------+----------------------------+----------------------------+-----------------------------+-----------------------------+--------------------+--------------------+-------------------------------------+-------------------------------------+----------------------------+----------------------------+---------------------------+---------------------------+
; Pin           ; I/O Standard ; Board Delay on Rise ; Board Delay on Fall ; Steady State Voh at FPGA Pin ; Steady State Vol at FPGA Pin ; Voh Max at FPGA Pin ; Vol Min at FPGA Pin ; Ringback Voltage on Rise at FPGA Pin ; Ringback Voltage on Fall at FPGA Pin ; 10-90 Rise Time at FPGA Pin ; 90-10 Fall Time at FPGA Pin ; Monotonic Rise at FPGA Pin ; Monotonic Fall at FPGA Pin ; Steady State Voh at Far-end ; Steady State Vol at Far-end ; Voh Max at Far-end ; Vol Min at Far-end ; Ringback Voltage on Rise at Far-end ; Ringback Voltage on Fall at Far-end ; 10-90 Rise Time at Far-end ; 90-10 Fall Time at Far-end ; Monotonic Rise at Far-end ; Monotonic Fall at Far-end ;
+---------------+--------------+---------------------+---------------------+------------------------------+------------------------------+---------------------+---------------------+--------------------------------------+--------------------------------------+-----------------------------+-----------------------------+----------------------------+----------------------------+-----------------------------+-----------------------------+--------------------+--------------------+-------------------------------------+-------------------------------------+----------------------------+----------------------------+---------------------------+---------------------------+
; cpu1_rst_n    ; 3.0-V LVCMOS ; 0 s                 ; 0 s                 ; 2.8 V                        ; 6.51e-09 V                   ; 2.94 V              ; -0.171 V            ; 0.303 V                              ; 0.206 V                              ; 2.79e-10 s                  ; 4.22e-10 s                  ; No                         ; No                         ; 2.8 V                       ; 6.51e-09 V                  ; 2.94 V             ; -0.171 V           ; 0.303 V                             ; 0.206 V                             ; 2.79e-10 s                 ; 4.22e-10 s                 ; No                        ; No                        ;
; cpu1_spi_in   ; 3.0-V LVCMOS ; 0 s                 ; 0 s                 ; 2.8 V                        ; 6.51e-09 V                   ; 2.94 V              ; -0.171 V            ; 0.303 V                              ; 0.206 V                              ; 2.79e-10 s                  ; 4.22e-10 s                  ; No                         ; No                         ; 2.8 V                       ; 6.51e-09 V                  ; 2.94 V             ; -0.171 V           ; 0.303 V                             ; 0.206 V                             ; 2.79e-10 s                 ; 4.22e-10 s                 ; No                        ; No                        ;
; cpu1_uart1_rx ; 3.0-V LVCMOS ; 0 s                 ; 0 s                 ; 2.8 V                        ; 6.51e-09 V                   ; 2.94 V              ; -0.171 V            ; 0.304 V                              ; 0.206 V                              ; 2.79e-10 s                  ; 4.22e-10 s                  ; No                         ; No                         ; 2.8 V                       ; 6.51e-09 V                  ; 2.94 V             ; -0.171 V           ; 0.304 V                             ; 0.206 V                             ; 2.79e-10 s                 ; 4.22e-10 s                 ; No                        ; No                        ;
; cpu1_uart5_rx ; 3.0-V LVCMOS ; 0 s                 ; 0 s                 ; 2.8 V                        ; 6.51e-09 V                   ; 2.94 V              ; -0.171 V            ; 0.303 V                              ; 0.206 V                              ; 2.79e-10 s                  ; 4.22e-10 s                  ; No                         ; No                         ; 2.8 V                       ; 6.51e-09 V                  ; 2.94 V             ; -0.171 V           ; 0.303 V                             ; 0.206 V                             ; 2.79e-10 s                 ; 4.22e-10 s                 ; No                        ; No                        ;
; uart3_tx      ; 3.0-V LVCMOS ; 0 s                 ; 0 s                 ; 2.8 V                        ; 6.51e-09 V                   ; 2.81 V              ; -0.00977 V          ; 0.258 V                              ; 0.26 V                               ; 3.6e-09 s                   ; 3.29e-09 s                  ; No                         ; Yes                        ; 2.8 V                       ; 6.51e-09 V                  ; 2.81 V             ; -0.00977 V         ; 0.258 V                             ; 0.26 V                              ; 3.6e-09 s                  ; 3.29e-09 s                 ; No                        ; Yes                       ;
; uart4_tx      ; 3.0-V LVCMOS ; 0 s                 ; 0 s                 ; 2.8 V                        ; 6.51e-09 V                   ; 2.94 V              ; -0.171 V            ; 0.303 V                              ; 0.206 V                              ; 2.79e-10 s                  ; 4.22e-10 s                  ; No                         ; No                         ; 2.8 V                       ; 6.51e-09 V                  ; 2.94 V             ; -0.171 V           ; 0.303 V                             ; 0.206 V                             ; 2.79e-10 s                 ; 4.22e-10 s                 ; No                        ; No                        ;
; pwm_out[0]    ; 3.0-V LVCMOS ; 0 s                 ; 0 s                 ; 2.8 V                        ; 6.51e-09 V                   ; 2.94 V              ; -0.171 V            ; 0.303 V                              ; 0.206 V                              ; 2.79e-10 s                  ; 4.22e-10 s                  ; No                         ; No                         ; 2.8 V                       ; 6.51e-09 V                  ; 2.94 V             ; -0.171 V           ; 0.303 V                             ; 0.206 V                             ; 2.79e-10 s                 ; 4.22e-10 s                 ; No                        ; No                        ;
; pwm_out[1]    ; 3.0-V LVCMOS ; 0 s                 ; 0 s                 ; 2.8 V                        ; 6.51e-09 V                   ; 2.94 V              ; -0.171 V            ; 0.304 V                              ; 0.206 V                              ; 2.79e-10 s                  ; 4.22e-10 s                  ; No                         ; No                         ; 2.8 V                       ; 6.51e-09 V                  ; 2.94 V             ; -0.171 V           ; 0.304 V                             ; 0.206 V                             ; 2.79e-10 s                 ; 4.22e-10 s                 ; No                        ; No                        ;
; pwm_out[2]    ; 3.0-V LVCMOS ; 0 s                 ; 0 s                 ; 2.8 V                        ; 6.51e-09 V                   ; 2.94 V              ; -0.171 V            ; 0.303 V                              ; 0.206 V                              ; 2.79e-10 s                  ; 4.22e-10 s                  ; No                         ; No                         ; 2.8 V                       ; 6.51e-09 V                  ; 2.94 V             ; -0.171 V           ; 0.303 V                             ; 0.206 V                             ; 2.79e-10 s                 ; 4.22e-10 s                 ; No                        ; No                        ;
; pwm_out[3]    ; 3.0-V LVCMOS ; 0 s                 ; 0 s                 ; 2.8 V                        ; 6.51e-09 V                   ; 2.93 V              ; -0.148 V            ; 0.375 V                              ; 0.21 V                               ; 3.05e-10 s                  ; 4.31e-10 s                  ; No                         ; No                         ; 2.8 V                       ; 6.51e-09 V                  ; 2.93 V             ; -0.148 V           ; 0.375 V                             ; 0.21 V                              ; 3.05e-10 s                 ; 4.31e-10 s                 ; No                        ; No                        ;
; pwm_out[4]    ; 3.0-V LVCMOS ; 0 s                 ; 0 s                 ; 2.8 V                        ; 6.5e-09 V                    ; 2.93 V              ; -0.149 V            ; 0.374 V                              ; 0.211 V                              ; 3.04e-10 s                  ; 4.31e-10 s                  ; No                         ; No                         ; 2.8 V                       ; 6.5e-09 V                   ; 2.93 V             ; -0.149 V           ; 0.374 V                             ; 0.211 V                             ; 3.04e-10 s                 ; 4.31e-10 s                 ; No                        ; No                        ;
; pwm_out[5]    ; 3.0-V LVCMOS ; 0 s                 ; 0 s                 ; 2.8 V                        ; 6.51e-09 V                   ; 2.93 V              ; -0.148 V            ; 0.375 V                              ; 0.21 V                               ; 3.05e-10 s                  ; 4.31e-10 s                  ; No                         ; No                         ; 2.8 V                       ; 6.51e-09 V                  ; 2.93 V             ; -0.148 V           ; 0.375 V                             ; 0.21 V                              ; 3.05e-10 s                 ; 4.31e-10 s                 ; No                        ; No                        ;
; pwm_out[6]    ; 3.0-V LVCMOS ; 0 s                 ; 0 s                 ; 2.8 V                        ; 6.5e-09 V                    ; 2.93 V              ; -0.149 V            ; 0.374 V                              ; 0.211 V                              ; 3.04e-10 s                  ; 4.31e-10 s                  ; No                         ; No                         ; 2.8 V                       ; 6.5e-09 V                   ; 2.93 V             ; -0.149 V           ; 0.374 V                             ; 0.211 V                             ; 3.04e-10 s                 ; 4.31e-10 s                 ; No                        ; No                        ;
; pwm_out[7]    ; 3.0-V LVCMOS ; 0 s                 ; 0 s                 ; 2.8 V                        ; 6.51e-09 V                   ; 2.93 V              ; -0.148 V            ; 0.375 V                              ; 0.21 V                               ; 3.05e-10 s                  ; 4.31e-10 s                  ; No                         ; No                         ; 2.8 V                       ; 6.51e-09 V                  ; 2.93 V             ; -0.148 V           ; 0.375 V                             ; 0.21 V                              ; 3.05e-10 s                 ; 4.31e-10 s                 ; No                        ; No                        ;
; led           ; 3.0-V LVCMOS ; 0 s                 ; 0 s                 ; 2.8 V                        ; 6.51e-09 V                   ; 2.94 V              ; -0.171 V            ; 0.304 V                              ; 0.206 V                              ; 2.79e-10 s                  ; 4.22e-10 s                  ; No                         ; No                         ; 2.8 V                       ; 6.51e-09 V                  ; 2.94 V             ; -0.171 V           ; 0.304 V                             ; 0.206 V                             ; 2.79e-10 s                 ; 4.22e-10 s                 ; No                        ; No                        ;
; ~ALTERA_TDO~  ; 3.0-V LVCMOS ; 0 s                 ; 0 s                 ; 2.8 V                        ; 9.38e-09 V                   ; 2.92 V              ; -0.124 V            ; 0.409 V                              ; 0.273 V                              ; 3.12e-10 s                  ; 4.37e-10 s                  ; No                         ; No                         ; 2.8 V                       ; 9.38e-09 V                  ; 2.92 V             ; -0.124 V           ; 0.409 V                             ; 0.273 V                             ; 3.12e-10 s                 ; 4.37e-10 s                 ; No                        ; No                        ;
+---------------+--------------+---------------------+---------------------+------------------------------+------------------------------+---------------------+---------------------+--------------------------------------+--------------------------------------+-----------------------------+-----------------------------+----------------------------+----------------------------+-----------------------------+-----------------------------+--------------------+--------------------+-------------------------------------+-------------------------------------+----------------------------+----------------------------+---------------------------+---------------------------+


+--------------------------------------------------------------------------------------------------------------------------------------------------------------------------------------------------------------------------------------------------------------------------------------------------------------------------------------------------------------------------------------------------------------------------------------------------------------------------------------------------------------------------------------------------------------------------------------------------------------------------------------------------------------------------------------------+
; Signal Integrity Metrics (Slow 1200mv 100c Model)                                                                                                                                                                                                                                                                                                                                                                                                                                                                                                                                                                                                                                          ;
+---------------+--------------+---------------------+---------------------+------------------------------+------------------------------+---------------------+---------------------+--------------------------------------+--------------------------------------+-----------------------------+-----------------------------+----------------------------+----------------------------+-----------------------------+-----------------------------+--------------------+--------------------+-------------------------------------+-------------------------------------+----------------------------+----------------------------+---------------------------+---------------------------+
; Pin           ; I/O Standard ; Board Delay on Rise ; Board Delay on Fall ; Steady State Voh at FPGA Pin ; Steady State Vol at FPGA Pin ; Voh Max at FPGA Pin ; Vol Min at FPGA Pin ; Ringback Voltage on Rise at FPGA Pin ; Ringback Voltage on Fall at FPGA Pin ; 10-90 Rise Time at FPGA Pin ; 90-10 Fall Time at FPGA Pin ; Monotonic Rise at FPGA Pin ; Monotonic Fall at FPGA Pin ; Steady State Voh at Far-end ; Steady State Vol at Far-end ; Voh Max at Far-end ; Vol Min at Far-end ; Ringback Voltage on Rise at Far-end ; Ringback Voltage on Fall at Far-end ; 10-90 Rise Time at Far-end ; 90-10 Fall Time at Far-end ; Monotonic Rise at Far-end ; Monotonic Fall at Far-end ;
+---------------+--------------+---------------------+---------------------+------------------------------+------------------------------+---------------------+---------------------+--------------------------------------+--------------------------------------+-----------------------------+-----------------------------+----------------------------+----------------------------+-----------------------------+-----------------------------+--------------------+--------------------+-------------------------------------+-------------------------------------+----------------------------+----------------------------+---------------------------+---------------------------+
; cpu1_rst_n    ; 3.0-V LVCMOS ; 0 s                 ; 0 s                 ; 2.8 V                        ; 3.76e-06 V                   ; 2.87 V              ; -0.0618 V           ; 0.194 V                              ; 0.248 V                              ; 4.63e-10 s                  ; 4.6e-10 s                   ; No                         ; Yes                        ; 2.8 V                       ; 3.76e-06 V                  ; 2.87 V             ; -0.0618 V          ; 0.194 V                             ; 0.248 V                             ; 4.63e-10 s                 ; 4.6e-10 s                  ; No                        ; Yes                       ;
; cpu1_spi_in   ; 3.0-V LVCMOS ; 0 s                 ; 0 s                 ; 2.8 V                        ; 3.76e-06 V                   ; 2.87 V              ; -0.0618 V           ; 0.194 V                              ; 0.248 V                              ; 4.63e-10 s                  ; 4.6e-10 s                   ; No                         ; Yes                        ; 2.8 V                       ; 3.76e-06 V                  ; 2.87 V             ; -0.0618 V          ; 0.194 V                             ; 0.248 V                             ; 4.63e-10 s                 ; 4.6e-10 s                  ; No                        ; Yes                       ;
; cpu1_uart1_rx ; 3.0-V LVCMOS ; 0 s                 ; 0 s                 ; 2.8 V                        ; 3.76e-06 V                   ; 2.87 V              ; -0.062 V            ; 0.194 V                              ; 0.247 V                              ; 4.63e-10 s                  ; 4.61e-10 s                  ; No                         ; Yes                        ; 2.8 V                       ; 3.76e-06 V                  ; 2.87 V             ; -0.062 V           ; 0.194 V                             ; 0.247 V                             ; 4.63e-10 s                 ; 4.61e-10 s                 ; No                        ; Yes                       ;
; cpu1_uart5_rx ; 3.0-V LVCMOS ; 0 s                 ; 0 s                 ; 2.8 V                        ; 3.76e-06 V                   ; 2.87 V              ; -0.0618 V           ; 0.194 V                              ; 0.248 V                              ; 4.63e-10 s                  ; 4.6e-10 s                   ; No                         ; Yes                        ; 2.8 V                       ; 3.76e-06 V                  ; 2.87 V             ; -0.0618 V          ; 0.194 V                             ; 0.248 V                             ; 4.63e-10 s                 ; 4.6e-10 s                  ; No                        ; Yes                       ;
; uart3_tx      ; 3.0-V LVCMOS ; 0 s                 ; 0 s                 ; 2.8 V                        ; 3.76e-06 V                   ; 2.8 V               ; -0.00296 V          ; 0.262 V                              ; 0.165 V                              ; 4.82e-09 s                  ; 4.6e-09 s                   ; No                         ; Yes                        ; 2.8 V                       ; 3.76e-06 V                  ; 2.8 V              ; -0.00296 V         ; 0.262 V                             ; 0.165 V                             ; 4.82e-09 s                 ; 4.6e-09 s                  ; No                        ; Yes                       ;
; uart4_tx      ; 3.0-V LVCMOS ; 0 s                 ; 0 s                 ; 2.8 V                        ; 3.76e-06 V                   ; 2.87 V              ; -0.0618 V           ; 0.194 V                              ; 0.248 V                              ; 4.63e-10 s                  ; 4.6e-10 s                   ; No                         ; Yes                        ; 2.8 V                       ; 3.76e-06 V                  ; 2.87 V             ; -0.0618 V          ; 0.194 V                             ; 0.248 V                             ; 4.63e-10 s                 ; 4.6e-10 s                  ; No                        ; Yes                       ;
; pwm_out[0]    ; 3.0-V LVCMOS ; 0 s                 ; 0 s                 ; 2.8 V                        ; 3.76e-06 V                   ; 2.87 V              ; -0.0618 V           ; 0.194 V                              ; 0.248 V                              ; 4.63e-10 s                  ; 4.6e-10 s                   ; No                         ; Yes                        ; 2.8 V                       ; 3.76e-06 V                  ; 2.87 V             ; -0.0618 V          ; 0.194 V                             ; 0.248 V                             ; 4.63e-10 s                 ; 4.6e-10 s                  ; No                        ; Yes                       ;
; pwm_out[1]    ; 3.0-V LVCMOS ; 0 s                 ; 0 s                 ; 2.8 V                        ; 3.76e-06 V                   ; 2.87 V              ; -0.062 V            ; 0.194 V                              ; 0.247 V                              ; 4.63e-10 s                  ; 4.61e-10 s                  ; No                         ; Yes                        ; 2.8 V                       ; 3.76e-06 V                  ; 2.87 V             ; -0.062 V           ; 0.194 V                             ; 0.247 V                             ; 4.63e-10 s                 ; 4.61e-10 s                 ; No                        ; Yes                       ;
; pwm_out[2]    ; 3.0-V LVCMOS ; 0 s                 ; 0 s                 ; 2.8 V                        ; 3.76e-06 V                   ; 2.87 V              ; -0.0618 V           ; 0.194 V                              ; 0.248 V                              ; 4.63e-10 s                  ; 4.6e-10 s                   ; No                         ; Yes                        ; 2.8 V                       ; 3.76e-06 V                  ; 2.87 V             ; -0.0618 V          ; 0.194 V                             ; 0.248 V                             ; 4.63e-10 s                 ; 4.6e-10 s                  ; No                        ; Yes                       ;
; pwm_out[3]    ; 3.0-V LVCMOS ; 0 s                 ; 0 s                 ; 2.8 V                        ; 3.76e-06 V                   ; 2.86 V              ; -0.0567 V           ; 0.252 V                              ; 0.128 V                              ; 4.87e-10 s                  ; 5.99e-10 s                  ; Yes                        ; No                         ; 2.8 V                       ; 3.76e-06 V                  ; 2.86 V             ; -0.0567 V          ; 0.252 V                             ; 0.128 V                             ; 4.87e-10 s                 ; 5.99e-10 s                 ; Yes                       ; No                        ;
; pwm_out[4]    ; 3.0-V LVCMOS ; 0 s                 ; 0 s                 ; 2.8 V                        ; 3.76e-06 V                   ; 2.86 V              ; -0.0556 V           ; 0.25 V                               ; 0.128 V                              ; 4.88e-10 s                  ; 5.98e-10 s                  ; Yes                        ; No                         ; 2.8 V                       ; 3.76e-06 V                  ; 2.86 V             ; -0.0556 V          ; 0.25 V                              ; 0.128 V                             ; 4.88e-10 s                 ; 5.98e-10 s                 ; Yes                       ; No                        ;
; pwm_out[5]    ; 3.0-V LVCMOS ; 0 s                 ; 0 s                 ; 2.8 V                        ; 3.76e-06 V                   ; 2.86 V              ; -0.0567 V           ; 0.252 V                              ; 0.128 V                              ; 4.87e-10 s                  ; 5.99e-10 s                  ; Yes                        ; No                         ; 2.8 V                       ; 3.76e-06 V                  ; 2.86 V             ; -0.0567 V          ; 0.252 V                             ; 0.128 V                             ; 4.87e-10 s                 ; 5.99e-10 s                 ; Yes                       ; No                        ;
; pwm_out[6]    ; 3.0-V LVCMOS ; 0 s                 ; 0 s                 ; 2.8 V                        ; 3.76e-06 V                   ; 2.86 V              ; -0.0556 V           ; 0.25 V                               ; 0.128 V                              ; 4.88e-10 s                  ; 5.98e-10 s                  ; Yes                        ; No                         ; 2.8 V                       ; 3.76e-06 V                  ; 2.86 V             ; -0.0556 V          ; 0.25 V                              ; 0.128 V                             ; 4.88e-10 s                 ; 5.98e-10 s                 ; Yes                       ; No                        ;
; pwm_out[7]    ; 3.0-V LVCMOS ; 0 s                 ; 0 s                 ; 2.8 V                        ; 3.76e-06 V                   ; 2.86 V              ; -0.0567 V           ; 0.252 V                              ; 0.128 V                              ; 4.87e-10 s                  ; 5.99e-10 s                  ; Yes                        ; No                         ; 2.8 V                       ; 3.76e-06 V                  ; 2.86 V             ; -0.0567 V          ; 0.252 V                             ; 0.128 V                             ; 4.87e-10 s                 ; 5.99e-10 s                 ; Yes                       ; No                        ;
; led           ; 3.0-V LVCMOS ; 0 s                 ; 0 s                 ; 2.8 V                        ; 3.76e-06 V                   ; 2.87 V              ; -0.062 V            ; 0.194 V                              ; 0.247 V                              ; 4.63e-10 s                  ; 4.61e-10 s                  ; No                         ; Yes                        ; 2.8 V                       ; 3.76e-06 V                  ; 2.87 V             ; -0.062 V           ; 0.194 V                             ; 0.247 V                             ; 4.63e-10 s                 ; 4.61e-10 s                 ; No                        ; Yes                       ;
; ~ALTERA_TDO~  ; 3.0-V LVCMOS ; 0 s                 ; 0 s                 ; 2.8 V                        ; 5.45e-06 V                   ; 2.85 V              ; -0.041 V            ; 0.284 V                              ; 0.216 V                              ; 4.95e-10 s                  ; 6.31e-10 s                  ; No                         ; Yes                        ; 2.8 V                       ; 5.45e-06 V                  ; 2.85 V             ; -0.041 V           ; 0.284 V                             ; 0.216 V                             ; 4.95e-10 s                 ; 6.31e-10 s                 ; No                        ; Yes                       ;
+---------------+--------------+---------------------+---------------------+------------------------------+------------------------------+---------------------+---------------------+--------------------------------------+--------------------------------------+-----------------------------+-----------------------------+----------------------------+----------------------------+-----------------------------+-----------------------------+--------------------+--------------------+-------------------------------------+-------------------------------------+----------------------------+----------------------------+---------------------------+---------------------------+


+--------------------------------------------------------------------------------------------------------------------------------------------------------------------------------------------------------------------------------------------------------------------------------------------------------------------------------------------------------------------------------------------------------------------------------------------------------------------------------------------------------------------------------------------------------------------------------------------------------------------------------------------------------------------------------------------+
; Signal Integrity Metrics (Fast 1200mv n40c Model)                                                                                                                                                                                                                                                                                                                                                                                                                                                                                                                                                                                                                                          ;
+---------------+--------------+---------------------+---------------------+------------------------------+------------------------------+---------------------+---------------------+--------------------------------------+--------------------------------------+-----------------------------+-----------------------------+----------------------------+----------------------------+-----------------------------+-----------------------------+--------------------+--------------------+-------------------------------------+-------------------------------------+----------------------------+----------------------------+---------------------------+---------------------------+
; Pin           ; I/O Standard ; Board Delay on Rise ; Board Delay on Fall ; Steady State Voh at FPGA Pin ; Steady State Vol at FPGA Pin ; Voh Max at FPGA Pin ; Vol Min at FPGA Pin ; Ringback Voltage on Rise at FPGA Pin ; Ringback Voltage on Fall at FPGA Pin ; 10-90 Rise Time at FPGA Pin ; 90-10 Fall Time at FPGA Pin ; Monotonic Rise at FPGA Pin ; Monotonic Fall at FPGA Pin ; Steady State Voh at Far-end ; Steady State Vol at Far-end ; Voh Max at Far-end ; Vol Min at Far-end ; Ringback Voltage on Rise at Far-end ; Ringback Voltage on Fall at Far-end ; 10-90 Rise Time at Far-end ; 90-10 Fall Time at Far-end ; Monotonic Rise at Far-end ; Monotonic Fall at Far-end ;
+---------------+--------------+---------------------+---------------------+------------------------------+------------------------------+---------------------+---------------------+--------------------------------------+--------------------------------------+-----------------------------+-----------------------------+----------------------------+----------------------------+-----------------------------+-----------------------------+--------------------+--------------------+-------------------------------------+-------------------------------------+----------------------------+----------------------------+---------------------------+---------------------------+
; cpu1_rst_n    ; 3.0-V LVCMOS ; 0 s                 ; 0 s                 ; 3.15 V                       ; 2.67e-08 V                   ; 3.37 V              ; -0.0261 V           ; 0.303 V                              ; 0.033 V                              ; 2.61e-10 s                  ; 2.6e-10 s                   ; No                         ; Yes                        ; 3.15 V                      ; 2.67e-08 V                  ; 3.37 V             ; -0.0261 V          ; 0.303 V                             ; 0.033 V                             ; 2.61e-10 s                 ; 2.6e-10 s                  ; No                        ; Yes                       ;
; cpu1_spi_in   ; 3.0-V LVCMOS ; 0 s                 ; 0 s                 ; 3.15 V                       ; 2.67e-08 V                   ; 3.37 V              ; -0.0261 V           ; 0.303 V                              ; 0.033 V                              ; 2.61e-10 s                  ; 2.6e-10 s                   ; No                         ; Yes                        ; 3.15 V                      ; 2.67e-08 V                  ; 3.37 V             ; -0.0261 V          ; 0.303 V                             ; 0.033 V                             ; 2.61e-10 s                 ; 2.6e-10 s                  ; No                        ; Yes                       ;
; cpu1_uart1_rx ; 3.0-V LVCMOS ; 0 s                 ; 0 s                 ; 3.15 V                       ; 2.67e-08 V                   ; 3.37 V              ; -0.0262 V           ; 0.303 V                              ; 0.034 V                              ; 2.6e-10 s                   ; 2.6e-10 s                   ; No                         ; Yes                        ; 3.15 V                      ; 2.67e-08 V                  ; 3.37 V             ; -0.0262 V          ; 0.303 V                             ; 0.034 V                             ; 2.6e-10 s                  ; 2.6e-10 s                  ; No                        ; Yes                       ;
; cpu1_uart5_rx ; 3.0-V LVCMOS ; 0 s                 ; 0 s                 ; 3.15 V                       ; 2.67e-08 V                   ; 3.37 V              ; -0.0261 V           ; 0.303 V                              ; 0.033 V                              ; 2.61e-10 s                  ; 2.6e-10 s                   ; No                         ; Yes                        ; 3.15 V                      ; 2.67e-08 V                  ; 3.37 V             ; -0.0261 V          ; 0.303 V                             ; 0.033 V                             ; 2.61e-10 s                 ; 2.6e-10 s                  ; No                        ; Yes                       ;
; uart3_tx      ; 3.0-V LVCMOS ; 0 s                 ; 0 s                 ; 3.15 V                       ; 2.67e-08 V                   ; 3.17 V              ; -0.0101 V           ; 0.322 V                              ; 0.199 V                              ; 2.92e-09 s                  ; 2.8e-09 s                   ; No                         ; Yes                        ; 3.15 V                      ; 2.67e-08 V                  ; 3.17 V             ; -0.0101 V          ; 0.322 V                             ; 0.199 V                             ; 2.92e-09 s                 ; 2.8e-09 s                  ; No                        ; Yes                       ;
; uart4_tx      ; 3.0-V LVCMOS ; 0 s                 ; 0 s                 ; 3.15 V                       ; 2.67e-08 V                   ; 3.37 V              ; -0.0261 V           ; 0.303 V                              ; 0.033 V                              ; 2.61e-10 s                  ; 2.6e-10 s                   ; No                         ; Yes                        ; 3.15 V                      ; 2.67e-08 V                  ; 3.37 V             ; -0.0261 V          ; 0.303 V                             ; 0.033 V                             ; 2.61e-10 s                 ; 2.6e-10 s                  ; No                        ; Yes                       ;
; pwm_out[0]    ; 3.0-V LVCMOS ; 0 s                 ; 0 s                 ; 3.15 V                       ; 2.67e-08 V                   ; 3.37 V              ; -0.0261 V           ; 0.303 V                              ; 0.033 V                              ; 2.61e-10 s                  ; 2.6e-10 s                   ; No                         ; Yes                        ; 3.15 V                      ; 2.67e-08 V                  ; 3.37 V             ; -0.0261 V          ; 0.303 V                             ; 0.033 V                             ; 2.61e-10 s                 ; 2.6e-10 s                  ; No                        ; Yes                       ;
; pwm_out[1]    ; 3.0-V LVCMOS ; 0 s                 ; 0 s                 ; 3.15 V                       ; 2.67e-08 V                   ; 3.37 V              ; -0.0262 V           ; 0.303 V                              ; 0.034 V                              ; 2.6e-10 s                   ; 2.6e-10 s                   ; No                         ; Yes                        ; 3.15 V                      ; 2.67e-08 V                  ; 3.37 V             ; -0.0262 V          ; 0.303 V                             ; 0.034 V                             ; 2.6e-10 s                  ; 2.6e-10 s                  ; No                        ; Yes                       ;
; pwm_out[2]    ; 3.0-V LVCMOS ; 0 s                 ; 0 s                 ; 3.15 V                       ; 2.67e-08 V                   ; 3.37 V              ; -0.0261 V           ; 0.303 V                              ; 0.033 V                              ; 2.61e-10 s                  ; 2.6e-10 s                   ; No                         ; Yes                        ; 3.15 V                      ; 2.67e-08 V                  ; 3.37 V             ; -0.0261 V          ; 0.303 V                             ; 0.033 V                             ; 2.61e-10 s                 ; 2.6e-10 s                  ; No                        ; Yes                       ;
; pwm_out[3]    ; 3.0-V LVCMOS ; 0 s                 ; 0 s                 ; 3.15 V                       ; 2.67e-08 V                   ; 3.34 V              ; -0.0187 V           ; 0.337 V                              ; 0.033 V                              ; 2.71e-10 s                  ; 2.96e-10 s                  ; No                         ; Yes                        ; 3.15 V                      ; 2.67e-08 V                  ; 3.34 V             ; -0.0187 V          ; 0.337 V                             ; 0.033 V                             ; 2.71e-10 s                 ; 2.96e-10 s                 ; No                        ; Yes                       ;
; pwm_out[4]    ; 3.0-V LVCMOS ; 0 s                 ; 0 s                 ; 3.15 V                       ; 2.67e-08 V                   ; 3.35 V              ; -0.0205 V           ; 0.337 V                              ; 0.034 V                              ; 2.71e-10 s                  ; 2.96e-10 s                  ; No                         ; Yes                        ; 3.15 V                      ; 2.67e-08 V                  ; 3.35 V             ; -0.0205 V          ; 0.337 V                             ; 0.034 V                             ; 2.71e-10 s                 ; 2.96e-10 s                 ; No                        ; Yes                       ;
; pwm_out[5]    ; 3.0-V LVCMOS ; 0 s                 ; 0 s                 ; 3.15 V                       ; 2.67e-08 V                   ; 3.34 V              ; -0.0187 V           ; 0.337 V                              ; 0.033 V                              ; 2.71e-10 s                  ; 2.96e-10 s                  ; No                         ; Yes                        ; 3.15 V                      ; 2.67e-08 V                  ; 3.34 V             ; -0.0187 V          ; 0.337 V                             ; 0.033 V                             ; 2.71e-10 s                 ; 2.96e-10 s                 ; No                        ; Yes                       ;
; pwm_out[6]    ; 3.0-V LVCMOS ; 0 s                 ; 0 s                 ; 3.15 V                       ; 2.67e-08 V                   ; 3.35 V              ; -0.0205 V           ; 0.337 V                              ; 0.034 V                              ; 2.71e-10 s                  ; 2.96e-10 s                  ; No                         ; Yes                        ; 3.15 V                      ; 2.67e-08 V                  ; 3.35 V             ; -0.0205 V          ; 0.337 V                             ; 0.034 V                             ; 2.71e-10 s                 ; 2.96e-10 s                 ; No                        ; Yes                       ;
; pwm_out[7]    ; 3.0-V LVCMOS ; 0 s                 ; 0 s                 ; 3.15 V                       ; 2.67e-08 V                   ; 3.34 V              ; -0.0187 V           ; 0.337 V                              ; 0.033 V                              ; 2.71e-10 s                  ; 2.96e-10 s                  ; No                         ; Yes                        ; 3.15 V                      ; 2.67e-08 V                  ; 3.34 V             ; -0.0187 V          ; 0.337 V                             ; 0.033 V                             ; 2.71e-10 s                 ; 2.96e-10 s                 ; No                        ; Yes                       ;
; led           ; 3.0-V LVCMOS ; 0 s                 ; 0 s                 ; 3.15 V                       ; 2.67e-08 V                   ; 3.37 V              ; -0.0262 V           ; 0.303 V                              ; 0.034 V                              ; 2.6e-10 s                   ; 2.6e-10 s                   ; No                         ; Yes                        ; 3.15 V                      ; 2.67e-08 V                  ; 3.37 V             ; -0.0262 V          ; 0.303 V                             ; 0.034 V                             ; 2.6e-10 s                  ; 2.6e-10 s                  ; No                        ; Yes                       ;
; ~ALTERA_TDO~  ; 3.0-V LVCMOS ; 0 s                 ; 0 s                 ; 3.15 V                       ; 3.88e-08 V                   ; 3.34 V              ; -0.039 V            ; 0.342 V                              ; 0.073 V                              ; 2.71e-10 s                  ; 3.29e-10 s                  ; No                         ; Yes                        ; 3.15 V                      ; 3.88e-08 V                  ; 3.34 V             ; -0.039 V           ; 0.342 V                             ; 0.073 V                             ; 2.71e-10 s                 ; 3.29e-10 s                 ; No                        ; Yes                       ;
+---------------+--------------+---------------------+---------------------+------------------------------+------------------------------+---------------------+---------------------+--------------------------------------+--------------------------------------+-----------------------------+-----------------------------+----------------------------+----------------------------+-----------------------------+-----------------------------+--------------------+--------------------+-------------------------------------+-------------------------------------+----------------------------+----------------------------+---------------------------+---------------------------+


-------------------
; Clock Transfers ;
-------------------
Nothing to report.


---------------
; Report TCCS ;
---------------
No dedicated SERDES Transmitter circuitry present in device or used in design


---------------
; Report RSKM ;
---------------
No non-DPA dedicated SERDES Receiver circuitry present in device or used in design


+------------------------------------------------+
; Unconstrained Paths Summary                    ;
+---------------------------------+-------+------+
; Property                        ; Setup ; Hold ;
+---------------------------------+-------+------+
; Illegal Clocks                  ; 0     ; 0    ;
; Unconstrained Clocks            ; 2     ; 2    ;
; Unconstrained Input Ports       ; 18    ; 18   ;
; Unconstrained Input Port Paths  ; 18    ; 18   ;
; Unconstrained Output Ports      ; 14    ; 14   ;
; Unconstrained Output Port Paths ; 23    ; 23   ;
+---------------------------------+-------+------+


+------------------------------------------------+
; Clock Status Summary                           ;
+--------------+-------+---------+---------------+
; Target       ; Clock ; Type    ; Status        ;
+--------------+-------+---------+---------------+
;              ; clk   ; Virtual ; Constrained   ;
; clk8M        ;       ; Base    ; Unconstrained ;
; rst_n_buf[1] ;       ; Base    ; Unconstrained ;
+--------------+-------+---------+---------------+


+------------------------------------------------------------------------------------------------------+
; Unconstrained Input Ports                                                                            ;
+---------------+--------------------------------------------------------------------------------------+
; Input Port    ; Comment                                                                              ;
+---------------+--------------------------------------------------------------------------------------+
; board_id[0]   ; No input delay, min/max delays, false-path exceptions, or max skew assignments found ;
; board_id[1]   ; No input delay, min/max delays, false-path exceptions, or max skew assignments found ;
; board_id[2]   ; No input delay, min/max delays, false-path exceptions, or max skew assignments found ;
; board_id[3]   ; No input delay, min/max delays, false-path exceptions, or max skew assignments found ;
; cpu1_spi_cs   ; No input delay, min/max delays, false-path exceptions, or max skew assignments found ;
; cpu1_spi_out  ; No input delay, min/max delays, false-path exceptions, or max skew assignments found ;
; cpu1_spi_sck  ; No input delay, min/max delays, false-path exceptions, or max skew assignments found ;
; cpu1_uart1_tx ; No input delay, min/max delays, false-path exceptions, or max skew assignments found ;
; cpu1_uart5_tx ; No input delay, min/max delays, false-path exceptions, or max skew assignments found ;
; rc_pwm_in[0]  ; No input delay, min/max delays, false-path exceptions, or max skew assignments found ;
; rc_pwm_in[1]  ; No input delay, min/max delays, false-path exceptions, or max skew assignments found ;
; rc_pwm_in[2]  ; No input delay, min/max delays, false-path exceptions, or max skew assignments found ;
; rc_pwm_in[3]  ; No input delay, min/max delays, false-path exceptions, or max skew assignments found ;
; rc_pwm_in[4]  ; No input delay, min/max delays, false-path exceptions, or max skew assignments found ;
; rc_pwm_in[5]  ; No input delay, min/max delays, false-path exceptions, or max skew assignments found ;
; rst_n         ; No input delay, min/max delays, false-path exceptions, or max skew assignments found ;
; uart3_rx      ; No input delay, min/max delays, false-path exceptions, or max skew assignments found ;
; uart4_rx      ; No input delay, min/max delays, false-path exceptions, or max skew assignments found ;
+---------------+--------------------------------------------------------------------------------------+


+-------------------------------------------------------------------------------------------------------+
; Unconstrained Output Ports                                                                            ;
+---------------+---------------------------------------------------------------------------------------+
; Output Port   ; Comment                                                                               ;
+---------------+---------------------------------------------------------------------------------------+
; cpu1_spi_in   ; No output delay, min/max delays, false-path exceptions, or max skew assignments found ;
; cpu1_uart1_rx ; No output delay, min/max delays, false-path exceptions, or max skew assignments found ;
; cpu1_uart5_rx ; No output delay, min/max delays, false-path exceptions, or max skew assignments found ;
; led           ; No output delay, min/max delays, false-path exceptions, or max skew assignments found ;
; pwm_out[0]    ; No output delay, min/max delays, false-path exceptions, or max skew assignments found ;
; pwm_out[1]    ; No output delay, min/max delays, false-path exceptions, or max skew assignments found ;
; pwm_out[2]    ; No output delay, min/max delays, false-path exceptions, or max skew assignments found ;
; pwm_out[3]    ; No output delay, min/max delays, false-path exceptions, or max skew assignments found ;
; pwm_out[4]    ; No output delay, min/max delays, false-path exceptions, or max skew assignments found ;
; pwm_out[5]    ; No output delay, min/max delays, false-path exceptions, or max skew assignments found ;
; pwm_out[6]    ; No output delay, min/max delays, false-path exceptions, or max skew assignments found ;
; pwm_out[7]    ; No output delay, min/max delays, false-path exceptions, or max skew assignments found ;
; uart3_tx      ; No output delay, min/max delays, false-path exceptions, or max skew assignments found ;
; uart4_tx      ; No output delay, min/max delays, false-path exceptions, or max skew assignments found ;
+---------------+---------------------------------------------------------------------------------------+


+------------------------------------------------------------------------------------------------------+
; Unconstrained Input Ports                                                                            ;
+---------------+--------------------------------------------------------------------------------------+
; Input Port    ; Comment                                                                              ;
+---------------+--------------------------------------------------------------------------------------+
; board_id[0]   ; No input delay, min/max delays, false-path exceptions, or max skew assignments found ;
; board_id[1]   ; No input delay, min/max delays, false-path exceptions, or max skew assignments found ;
; board_id[2]   ; No input delay, min/max delays, false-path exceptions, or max skew assignments found ;
; board_id[3]   ; No input delay, min/max delays, false-path exceptions, or max skew assignments found ;
; cpu1_spi_cs   ; No input delay, min/max delays, false-path exceptions, or max skew assignments found ;
; cpu1_spi_out  ; No input delay, min/max delays, false-path exceptions, or max skew assignments found ;
; cpu1_spi_sck  ; No input delay, min/max delays, false-path exceptions, or max skew assignments found ;
; cpu1_uart1_tx ; No input delay, min/max delays, false-path exceptions, or max skew assignments found ;
; cpu1_uart5_tx ; No input delay, min/max delays, false-path exceptions, or max skew assignments found ;
; rc_pwm_in[0]  ; No input delay, min/max delays, false-path exceptions, or max skew assignments found ;
; rc_pwm_in[1]  ; No input delay, min/max delays, false-path exceptions, or max skew assignments found ;
; rc_pwm_in[2]  ; No input delay, min/max delays, false-path exceptions, or max skew assignments found ;
; rc_pwm_in[3]  ; No input delay, min/max delays, false-path exceptions, or max skew assignments found ;
; rc_pwm_in[4]  ; No input delay, min/max delays, false-path exceptions, or max skew assignments found ;
; rc_pwm_in[5]  ; No input delay, min/max delays, false-path exceptions, or max skew assignments found ;
; rst_n         ; No input delay, min/max delays, false-path exceptions, or max skew assignments found ;
; uart3_rx      ; No input delay, min/max delays, false-path exceptions, or max skew assignments found ;
; uart4_rx      ; No input delay, min/max delays, false-path exceptions, or max skew assignments found ;
+---------------+--------------------------------------------------------------------------------------+


+-------------------------------------------------------------------------------------------------------+
; Unconstrained Output Ports                                                                            ;
+---------------+---------------------------------------------------------------------------------------+
; Output Port   ; Comment                                                                               ;
+---------------+---------------------------------------------------------------------------------------+
; cpu1_spi_in   ; No output delay, min/max delays, false-path exceptions, or max skew assignments found ;
; cpu1_uart1_rx ; No output delay, min/max delays, false-path exceptions, or max skew assignments found ;
; cpu1_uart5_rx ; No output delay, min/max delays, false-path exceptions, or max skew assignments found ;
; led           ; No output delay, min/max delays, false-path exceptions, or max skew assignments found ;
; pwm_out[0]    ; No output delay, min/max delays, false-path exceptions, or max skew assignments found ;
; pwm_out[1]    ; No output delay, min/max delays, false-path exceptions, or max skew assignments found ;
; pwm_out[2]    ; No output delay, min/max delays, false-path exceptions, or max skew assignments found ;
; pwm_out[3]    ; No output delay, min/max delays, false-path exceptions, or max skew assignments found ;
; pwm_out[4]    ; No output delay, min/max delays, false-path exceptions, or max skew assignments found ;
; pwm_out[5]    ; No output delay, min/max delays, false-path exceptions, or max skew assignments found ;
; pwm_out[6]    ; No output delay, min/max delays, false-path exceptions, or max skew assignments found ;
; pwm_out[7]    ; No output delay, min/max delays, false-path exceptions, or max skew assignments found ;
; uart3_tx      ; No output delay, min/max delays, false-path exceptions, or max skew assignments found ;
; uart4_tx      ; No output delay, min/max delays, false-path exceptions, or max skew assignments found ;
+---------------+---------------------------------------------------------------------------------------+


+------------------------------------+
; TimeQuest Timing Analyzer Messages ;
+------------------------------------+
Info: *******************************************************************
Info: Running Quartus Prime TimeQuest Timing Analyzer
    Info: Version 15.1.0 Build 185 10/21/2015 SJ Standard Edition
    Info: Processing started: Mon Jun 05 16:55:02 2017
Info: Command: quartus_sta AP02 -c top
Info: qsta_default_script.tcl version: #1
Info (20030): Parallel compilation is enabled and will use 4 of the 4 processors detected
Info (21077): Low junction temperature is -40 degrees C
Info (21077): High junction temperature is 100 degrees C
Warning (335093): TimeQuest Timing Analyzer is analyzing 120 combinational loops as latches.
Info (332104): Reading SDC File: 'top.sdc'
Warning (332060): Node: clk8M was determined to be a clock but was found without an associated clock assignment.
    Info (13166): Register cpld_local_time[1] is being clocked by clk8M
Warning (332060): Node: rst_n_buf[1] was determined to be a clock but was found without an associated clock assignment.
    Info (13166): Latch pwm_gen_servo:pwm_gen_cpu|pulse_width_channel1[1]~53 is being clocked by rst_n_buf[1]
Warning (332056): PLL cross checking found inconsistent PLL clock settings:
    Warning (332056): Node: pll8Min|altpll_component|auto_generated|pll1|clk[0] was found missing 1 generated clock that corresponds to a base clock with a period of: 10.000
Warning (332061): Virtual clock clk is never referenced in any input or output delay assignment.
Info: Found TIMEQUEST_REPORT_SCRIPT_INCLUDE_DEFAULT_ANALYSIS = ON
Info: Analyzing Slow 1200mV 100C Model
Info (332140): No fmax paths to report
Info: Can't run Report Timing Closure Recommendations. The current device family is not supported.
Info (332140): No Setup paths to report
Info (332140): No Hold paths to report
Info (332140): No Recovery paths to report
Info (332140): No Removal paths to report
Info (332140): No Minimum Pulse Width paths to report
Info: Analyzing Slow 1200mV -40C Model
Info (334003): Started post-fitting delay annotation
Info (334004): Delay annotation completed successfully
Warning (332060): Node: clk8M was determined to be a clock but was found without an associated clock assignment.
    Info (13166): Register cpld_local_time[1] is being clocked by clk8M
Warning (332060): Node: rst_n_buf[1] was determined to be a clock but was found without an associated clock assignment.
    Info (13166): Latch pwm_gen_servo:pwm_gen_cpu|pulse_width_channel1[1]~53 is being clocked by rst_n_buf[1]
Warning (332056): PLL cross checking found inconsistent PLL clock settings:
    Warning (332056): Node: pll8Min|altpll_component|auto_generated|pll1|clk[0] was found missing 1 generated clock that corresponds to a base clock with a period of: 10.000
Warning (332061): Virtual clock clk is never referenced in any input or output delay assignment.
Info (332140): No fmax paths to report
Info (332140): No Setup paths to report
Info (332140): No Hold paths to report
Info (332140): No Recovery paths to report
Info (332140): No Removal paths to report
Info (332140): No Minimum Pulse Width paths to report
Info: Analyzing Fast 1200mV -40C Model
Warning (332060): Node: clk8M was determined to be a clock but was found without an associated clock assignment.
    Info (13166): Register cpld_local_time[1] is being clocked by clk8M
Warning (332060): Node: rst_n_buf[1] was determined to be a clock but was found without an associated clock assignment.
    Info (13166): Latch pwm_gen_servo:pwm_gen_cpu|pulse_width_channel1[1]~53 is being clocked by rst_n_buf[1]
Warning (332056): PLL cross checking found inconsistent PLL clock settings:
    Warning (332056): Node: pll8Min|altpll_component|auto_generated|pll1|clk[0] was found missing 1 generated clock that corresponds to a base clock with a period of: 10.000
Warning (332061): Virtual clock clk is never referenced in any input or output delay assignment.
Info (332140): No Setup paths to report
Info (332140): No Hold paths to report
Info (332140): No Recovery paths to report
Info (332140): No Removal paths to report
Info (332140): No Minimum Pulse Width paths to report
Info (332102): Design is not fully constrained for setup requirements
Info (332102): Design is not fully constrained for hold requirements
Info: Quartus Prime TimeQuest Timing Analyzer was successful. 0 errors, 16 warnings
    Info: Peak virtual memory: 829 megabytes
    Info: Processing ended: Mon Jun 05 16:55:04 2017
    Info: Elapsed time: 00:00:02
    Info: Total CPU time (on all processors): 00:00:03


